<?xml version="1.0" encoding="UTF-8"?>
<!-- Generated by org.testng.reporters.JUnitReportReporter -->
<testsuite skipped="0" hostname="MINDTREE777" name="com.herouapp.theinternet.LoginTest" tests="1" failures="0" timestamp="2020-09-13T02:46:55 EDT" time="16.639" errors="0">
  <testcase name="loginTestCase" time="16.639" classname="com.herouapp.theinternet.LoginTest"/>
  <system-out/>
</testsuite> <!-- com.herouapp.theinternet.LoginTest -->
